
====== START ORIO: hdron-ThinkPad-E152022-11-26_20:03:01 ======

----- begin reading the source file: tables_orio.c -----
----- finished reading the source file -----

----- begin parsing annotations -----
----- finished parsing annotations -----

----- begin optimizations -----
Search_Space           = 3.200e+01
Number_of_Parameters   = 01
Numeric_Parameters     = 01
Binary_Parameters      = 00
Categorical_Parameters = 00
['UF']
[[1, 2, 3, 4, 5, 6, 7, 8, 9, 10, 11, 12, 13, 14, 15, 16, 17, 18, 19, 20, 21, 22, 23, 24, 25, 26, 27, 28, 29, 30, 31, 32]]

----- begin exhaustive search -----
.
 compiling timer:
	gcc -O0 -mcmodel=large -O0 -c -o timer_cpu.o timer_cpu.c
 building the original code:
	gcc -O0 -mcmodel=large  -DORIO_REPS=10 -DORIGINAL -o __orio_perftest_original.exe __orio_perftest1.c timer_cpu.o 
 building test:
	gcc -O0 -mcmodel=large  -DORIO_REPS=10 -o __orio_perftest1.exe __orio_perftest1.c timer_cpu.o 
 running test:
	 ./__orio_perftest1.exe  
coordinate: [0], average cost: 3.5477777777777777e-06, all costs: [3.774e-06, 3.427e-06, 3.361e-06, 3.291e-06, 3.26e-06, 3.281e-06, 3.342e-06, 3.266e-06, 3.695e-06, 5.007e-06], average transfer time: inf
>>>> best coordinate found: [0], average cost: 3.547778e-06, average transfer time: inf
.
 building test:
	gcc -O0 -mcmodel=large  -DORIO_REPS=10 -o __orio_perftest2.exe __orio_perftest2.c timer_cpu.o 
 running test:
	 ./__orio_perftest2.exe  
coordinate: [1], average cost: 3.369333333333333e-06, all costs: [3.951e-06, 3.595e-06, 3.338e-06, 3.345e-06, 3.379e-06, 3.307e-06, 3.332e-06, 3.362e-06, 3.329e-06, 3.337e-06], average transfer time: inf
>>>> best coordinate found: [1], average cost: 3.369333e-06, average transfer time: inf
.
 building test:
	gcc -O0 -mcmodel=large  -DORIO_REPS=10 -o __orio_perftest3.exe __orio_perftest3.c timer_cpu.o 
 running test:
	 ./__orio_perftest3.exe  
coordinate: [2], average cost: 3.384333333333333e-06, all costs: [4.016e-06, 3.531e-06, 3.417e-06, 3.364e-06, 3.376e-06, 3.341e-06, 3.362e-06, 3.37e-06, 3.357e-06, 3.341e-06], average transfer time: inf
.
 building test:
	gcc -O0 -mcmodel=large  -DORIO_REPS=10 -o __orio_perftest4.exe __orio_perftest4.c timer_cpu.o 
 running test:
	 ./__orio_perftest4.exe  
coordinate: [3], average cost: 3.380111111111111e-06, all costs: [4.118e-06, 3.581e-06, 3.346e-06, 3.352e-06, 3.37e-06, 3.341e-06, 3.359e-06, 3.351e-06, 3.352e-06, 3.369e-06], average transfer time: inf
.
 building test:
	gcc -O0 -mcmodel=large  -DORIO_REPS=10 -o __orio_perftest5.exe __orio_perftest5.c timer_cpu.o 
 running test:
	 ./__orio_perftest5.exe  
coordinate: [4], average cost: 3.454555555555555e-06, all costs: [4.118e-06, 3.899e-06, 3.459e-06, 3.375e-06, 3.379e-06, 3.404e-06, 3.392e-06, 3.402e-06, 3.378e-06, 3.403e-06], average transfer time: inf
.
 building test:
	gcc -O0 -mcmodel=large  -DORIO_REPS=10 -o __orio_perftest6.exe __orio_perftest6.c timer_cpu.o 
 running test:
	 ./__orio_perftest6.exe  
coordinate: [5], average cost: 3.402555555555555e-06, all costs: [4.186e-06, 3.597e-06, 3.388e-06, 3.388e-06, 3.377e-06, 3.381e-06, 3.379e-06, 3.365e-06, 3.378e-06, 3.37e-06], average transfer time: inf
.
 building test:
	gcc -O0 -mcmodel=large  -DORIO_REPS=10 -o __orio_perftest7.exe __orio_perftest7.c timer_cpu.o 
 running test:
	 ./__orio_perftest7.exe  
coordinate: [6], average cost: 3.4118888888888885e-06, all costs: [3.967e-06, 3.532e-06, 3.385e-06, 3.475e-06, 3.372e-06, 3.38e-06, 3.367e-06, 3.441e-06, 3.387e-06, 3.368e-06], average transfer time: inf
.
 building test:
	gcc -O0 -mcmodel=large  -DORIO_REPS=10 -o __orio_perftest8.exe __orio_perftest8.c timer_cpu.o 
 running test:
	 ./__orio_perftest8.exe  
coordinate: [7], average cost: 3.429222222222222e-06, all costs: [4.05e-06, 3.572e-06, 3.424e-06, 3.465e-06, 3.383e-06, 3.358e-06, 3.371e-06, 3.454e-06, 3.416e-06, 3.42e-06], average transfer time: inf
.
 building test:
	gcc -O0 -mcmodel=large  -DORIO_REPS=10 -o __orio_perftest9.exe __orio_perftest9.c timer_cpu.o 
 running test:
	 ./__orio_perftest9.exe  
coordinate: [8], average cost: 3.5808888888888893e-06, all costs: [4.532e-06, 3.967e-06, 3.528e-06, 3.544e-06, 3.585e-06, 3.514e-06, 3.503e-06, 3.514e-06, 3.567e-06, 3.506e-06], average transfer time: inf
.
 building test:
	gcc -O0 -mcmodel=large  -DORIO_REPS=10 -o __orio_perftest10.exe __orio_perftest10.c timer_cpu.o 
 running test:
	 ./__orio_perftest10.exe  
coordinate: [9], average cost: 3.610222222222223e-06, all costs: [4.315e-06, 3.805e-06, 3.58e-06, 3.671e-06, 3.52e-06, 3.539e-06, 3.579e-06, 3.652e-06, 3.557e-06, 3.589e-06], average transfer time: inf
.
 building test:
	gcc -O0 -mcmodel=large  -DORIO_REPS=10 -o __orio_perftest11.exe __orio_perftest11.c timer_cpu.o 
 running test:
	 ./__orio_perftest11.exe  
coordinate: [10], average cost: 3.5852222222222224e-06, all costs: [4.288e-06, 3.8e-06, 3.553e-06, 3.548e-06, 3.572e-06, 3.565e-06, 3.561e-06, 3.53e-06, 3.556e-06, 3.582e-06], average transfer time: inf
.
 building test:
	gcc -O0 -mcmodel=large  -DORIO_REPS=10 -o __orio_perftest12.exe __orio_perftest12.c timer_cpu.o 
 running test:
	 ./__orio_perftest12.exe  
coordinate: [11], average cost: 3.470666666666667e-06, all costs: [5.064e-06, 3.63e-06, 3.449e-06, 3.432e-06, 3.466e-06, 3.461e-06, 3.463e-06, 3.424e-06, 3.46e-06, 3.451e-06], average transfer time: inf
.
 building test:
	gcc -O0 -mcmodel=large  -DORIO_REPS=10 -o __orio_perftest13.exe __orio_perftest13.c timer_cpu.o 
 running test:
	 ./__orio_perftest13.exe  
coordinate: [12], average cost: 3.5303333333333337e-06, all costs: [4.234e-06, 3.668e-06, 3.462e-06, 3.585e-06, 3.497e-06, 3.503e-06, 3.499e-06, 3.559e-06, 3.504e-06, 3.496e-06], average transfer time: inf
.
 building test:
	gcc -O0 -mcmodel=large  -DORIO_REPS=10 -o __orio_perftest14.exe __orio_perftest14.c timer_cpu.o 
 running test:
	 ./__orio_perftest14.exe  
coordinate: [13], average cost: 5.719444444444445e-06, all costs: [6.807e-06, 6.449e-06, 6.093e-06, 6.46e-06, 4.954e-06, 5.14e-06, 4.877e-06, 5.907e-06, 5.226e-06, 6.369e-06], average transfer time: inf
.
 building test:
	gcc -O0 -mcmodel=large  -DORIO_REPS=10 -o __orio_perftest15.exe __orio_perftest15.c timer_cpu.o 
 running test:
	 ./__orio_perftest15.exe  
coordinate: [14], average cost: 3.5813333333333333e-06, all costs: [4.373e-06, 3.692e-06, 3.603e-06, 3.544e-06, 3.548e-06, 3.558e-06, 3.557e-06, 3.572e-06, 3.606e-06, 3.552e-06], average transfer time: inf
.
 building test:
	gcc -O0 -mcmodel=large  -DORIO_REPS=10 -o __orio_perftest16.exe __orio_perftest16.c timer_cpu.o 
 running test:
	 ./__orio_perftest16.exe  
coordinate: [15], average cost: 3.7288888888888886e-06, all costs: [9.785e-06, 4.451e-06, 3.622e-06, 3.601e-06, 3.711e-06, 3.607e-06, 3.62e-06, 3.599e-06, 3.673e-06, 3.676e-06], average transfer time: inf
.
 building test:
	gcc -O0 -mcmodel=large  -DORIO_REPS=10 -o __orio_perftest17.exe __orio_perftest17.c timer_cpu.o 
 running test:
	 ./__orio_perftest17.exe  
coordinate: [16], average cost: 3.6691111111111116e-06, all costs: [4.375e-06, 3.828e-06, 3.645e-06, 3.695e-06, 3.659e-06, 3.626e-06, 3.591e-06, 3.706e-06, 3.641e-06, 3.631e-06], average transfer time: inf
.
 building test:
	gcc -O0 -mcmodel=large  -DORIO_REPS=10 -o __orio_perftest18.exe __orio_perftest18.c timer_cpu.o 
 running test:
	 ./__orio_perftest18.exe  
coordinate: [17], average cost: 3.6873333333333337e-06, all costs: [4.578e-06, 3.873e-06, 3.668e-06, 3.636e-06, 3.649e-06, 3.681e-06, 3.715e-06, 3.655e-06, 3.637e-06, 3.672e-06], average transfer time: inf
.
 building test:
	gcc -O0 -mcmodel=large  -DORIO_REPS=10 -o __orio_perftest19.exe __orio_perftest19.c timer_cpu.o 
 running test:
	 ./__orio_perftest19.exe  
coordinate: [18], average cost: 3.7204444444444444e-06, all costs: [4.621e-06, 3.84e-06, 3.665e-06, 3.773e-06, 3.706e-06, 3.642e-06, 3.716e-06, 3.748e-06, 3.685e-06, 3.709e-06], average transfer time: inf
.
 building test:
	gcc -O0 -mcmodel=large  -DORIO_REPS=10 -o __orio_perftest20.exe __orio_perftest20.c timer_cpu.o 
 running test:
	 ./__orio_perftest20.exe  
coordinate: [19], average cost: 3.753333333333334e-06, all costs: [4.75e-06, 3.936e-06, 3.751e-06, 3.71e-06, 3.738e-06, 3.746e-06, 3.723e-06, 3.706e-06, 3.758e-06, 3.712e-06], average transfer time: inf
.
 building test:
	gcc -O0 -mcmodel=large  -DORIO_REPS=10 -o __orio_perftest21.exe __orio_perftest21.c timer_cpu.o 
 running test:
	 ./__orio_perftest21.exe  
coordinate: [20], average cost: 3.778555555555555e-06, all costs: [4.786e-06, 3.95e-06, 3.768e-06, 3.747e-06, 3.764e-06, 3.781e-06, 3.741e-06, 3.714e-06, 3.745e-06, 3.797e-06], average transfer time: inf
.
 building test:
	gcc -O0 -mcmodel=large  -DORIO_REPS=10 -o __orio_perftest22.exe __orio_perftest22.c timer_cpu.o 
 running test:
	 ./__orio_perftest22.exe  
coordinate: [21], average cost: 3.8145555555555555e-06, all costs: [4.586e-06, 3.988e-06, 3.807e-06, 3.78e-06, 3.788e-06, 3.817e-06, 3.783e-06, 3.798e-06, 3.793e-06, 3.777e-06], average transfer time: inf
.
 building test:
	gcc -O0 -mcmodel=large  -DORIO_REPS=10 -o __orio_perftest23.exe __orio_perftest23.c timer_cpu.o 
 running test:
	 ./__orio_perftest23.exe  
coordinate: [22], average cost: 3.842444444444445e-06, all costs: [4.829e-06, 4.068e-06, 3.81e-06, 3.837e-06, 3.77e-06, 3.855e-06, 3.795e-06, 3.79e-06, 3.774e-06, 3.883e-06], average transfer time: inf
.
 building test:
	gcc -O0 -mcmodel=large  -DORIO_REPS=10 -o __orio_perftest24.exe __orio_perftest24.c timer_cpu.o 
 running test:
	 ./__orio_perftest24.exe  
coordinate: [23], average cost: 3.8329999999999996e-06, all costs: [4.826e-06, 4.006e-06, 3.859e-06, 3.804e-06, 3.811e-06, 3.795e-06, 3.786e-06, 3.793e-06, 3.812e-06, 3.831e-06], average transfer time: inf
.
 building test:
	gcc -O0 -mcmodel=large  -DORIO_REPS=10 -o __orio_perftest25.exe __orio_perftest25.c timer_cpu.o 
 running test:
	 ./__orio_perftest25.exe  
coordinate: [24], average cost: 3.8296666666666665e-06, all costs: [4.901e-06, 3.989e-06, 3.83e-06, 3.82e-06, 3.776e-06, 3.802e-06, 3.845e-06, 3.798e-06, 3.801e-06, 3.806e-06], average transfer time: inf
.
 building test:
	gcc -O0 -mcmodel=large  -DORIO_REPS=10 -o __orio_perftest26.exe __orio_perftest26.c timer_cpu.o 
 running test:
	 ./__orio_perftest26.exe  
coordinate: [25], average cost: 3.897222222222222e-06, all costs: [4.74e-06, 4.055e-06, 3.852e-06, 3.92e-06, 3.81e-06, 3.852e-06, 3.844e-06, 3.95e-06, 3.883e-06, 3.909e-06], average transfer time: inf
.
 building test:
	gcc -O0 -mcmodel=large  -DORIO_REPS=10 -o __orio_perftest27.exe __orio_perftest27.c timer_cpu.o 
 running test:
	 ./__orio_perftest27.exe  
coordinate: [26], average cost: 3.894666666666667e-06, all costs: [5.084e-06, 4.089e-06, 3.842e-06, 3.872e-06, 3.901e-06, 3.842e-06, 3.87e-06, 3.855e-06, 3.917e-06, 3.864e-06], average transfer time: inf
.
 building test:
	gcc -O0 -mcmodel=large  -DORIO_REPS=10 -o __orio_perftest28.exe __orio_perftest28.c timer_cpu.o 
 running test:
	 ./__orio_perftest28.exe  
coordinate: [27], average cost: 3.912111111111112e-06, all costs: [4.724e-06, 4.139e-06, 3.875e-06, 3.858e-06, 3.88e-06, 3.952e-06, 3.852e-06, 3.861e-06, 3.869e-06, 3.923e-06], average transfer time: inf
.
 building test:
	gcc -O0 -mcmodel=large  -DORIO_REPS=10 -o __orio_perftest29.exe __orio_perftest29.c timer_cpu.o 
 running test:
	 ./__orio_perftest29.exe  
coordinate: [28], average cost: 3.917666666666666e-06, all costs: [4.889e-06, 4.052e-06, 3.96e-06, 3.878e-06, 3.874e-06, 3.886e-06, 3.911e-06, 3.911e-06, 3.91e-06, 3.877e-06], average transfer time: inf
.
 building test:
	gcc -O0 -mcmodel=large  -DORIO_REPS=10 -o __orio_perftest30.exe __orio_perftest30.c timer_cpu.o 
 running test:
	 ./__orio_perftest30.exe  
coordinate: [29], average cost: 3.935555555555555e-06, all costs: [5.013e-06, 4.105e-06, 3.925e-06, 4.007e-06, 3.924e-06, 3.902e-06, 3.852e-06, 3.94e-06, 3.887e-06, 3.878e-06], average transfer time: inf
.
 building test:
	gcc -O0 -mcmodel=large  -DORIO_REPS=10 -o __orio_perftest31.exe __orio_perftest31.c timer_cpu.o 
 running test:
	 ./__orio_perftest31.exe  
coordinate: [30], average cost: 6.925e-06, all costs: [5.043e-06, 6.422e-06, 5.861e-06, 5.542e-06, 5.799e-06, 5.2e-06, 5.436e-06, 5.43e-06, 5.837e-06, 1.6798e-05], average transfer time: inf
.
 building test:
	gcc -O0 -mcmodel=large  -DORIO_REPS=10 -o __orio_perftest32.exe __orio_perftest32.c timer_cpu.o 
 running test:
	 ./__orio_perftest32.exe  
coordinate: [31], average cost: 3.9217777777777775e-06, all costs: [4.812e-06, 4.094e-06, 3.941e-06, 3.919e-06, 3.915e-06, 3.869e-06, 3.881e-06, 3.895e-06, 3.882e-06, 3.9e-06], average transfer time: inf
----- end exhaustive search -----
----- begin summary -----
 best coordinate: [1]={'UF': 2}, cost=3.369333e-06, transfer_time=inf, inputs=[('N', 1000)], search_space=3.200e+01, search_time=4.05, runs=0
----- end summary -----

----- begin exhaustive search -----
.
 building test:
	gcc -O0 -mcmodel=large  -DORIO_REPS=10 -o __orio_perftest33.exe __orio_perftest33.c timer_cpu.o 
 running test:
	 ./__orio_perftest33.exe  
coordinate: [0], average cost: 3.890711111111111e-05, all costs: [4.09e-05, 3.9069e-05, 3.886e-05, 3.886e-05, 3.8908e-05, 3.8913e-05, 3.8902e-05, 3.8852e-05, 3.8883e-05, 3.8917e-05], average transfer time: inf
>>>> best coordinate found: [0], average cost: 3.890711e-05, average transfer time: inf
.
 building test:
	gcc -O0 -mcmodel=large  -DORIO_REPS=10 -o __orio_perftest34.exe __orio_perftest34.c timer_cpu.o 
 running test:
	 ./__orio_perftest34.exe  
coordinate: [1], average cost: 3.745400000000001e-05, all costs: [3.8105e-05, 3.7808e-05, 3.7487e-05, 3.7332e-05, 3.7356e-05, 3.7505e-05, 3.7419e-05, 3.7419e-05, 3.743e-05, 3.733e-05], average transfer time: inf
>>>> best coordinate found: [1], average cost: 3.745400e-05, average transfer time: inf
.
 building test:
	gcc -O0 -mcmodel=large  -DORIO_REPS=10 -o __orio_perftest35.exe __orio_perftest35.c timer_cpu.o 
 running test:
	 ./__orio_perftest35.exe  
coordinate: [2], average cost: 3.801211111111111e-05, all costs: [3.9107e-05, 3.8215e-05, 3.7981e-05, 3.7976e-05, 3.8024e-05, 3.7905e-05, 3.7986e-05, 3.8019e-05, 3.7965e-05, 3.8038e-05], average transfer time: inf
.
 building test:
	gcc -O0 -mcmodel=large  -DORIO_REPS=10 -o __orio_perftest36.exe __orio_perftest36.c timer_cpu.o 
 running test:
	 ./__orio_perftest36.exe  
coordinate: [3], average cost: 3.7446666666666675e-05, all costs: [6.295e-05, 3.799e-05, 3.7322e-05, 3.7281e-05, 3.7272e-05, 3.7532e-05, 3.7584e-05, 3.7329e-05, 3.7318e-05, 3.7392e-05], average transfer time: inf
>>>> best coordinate found: [3], average cost: 3.744667e-05, average transfer time: inf
.
 building test:
	gcc -O0 -mcmodel=large  -DORIO_REPS=10 -o __orio_perftest37.exe __orio_perftest37.c timer_cpu.o 
 running test:
	 ./__orio_perftest37.exe  
coordinate: [4], average cost: 3.9472000000000004e-05, all costs: [4.0002e-05, 3.9637e-05, 3.9431e-05, 3.9439e-05, 3.9406e-05, 3.9399e-05, 3.9431e-05, 3.9485e-05, 3.9566e-05, 3.9454e-05], average transfer time: inf
.
 building test:
	gcc -O0 -mcmodel=large  -DORIO_REPS=10 -o __orio_perftest38.exe __orio_perftest38.c timer_cpu.o 
 running test:
	 ./__orio_perftest38.exe  
coordinate: [5], average cost: 3.932477777777778e-05, all costs: [3.991e-05, 3.9638e-05, 3.9253e-05, 3.9253e-05, 3.933e-05, 3.9281e-05, 3.9263e-05, 3.9294e-05, 3.9298e-05, 3.9313e-05], average transfer time: inf
.
 building test:
	gcc -O0 -mcmodel=large  -DORIO_REPS=10 -o __orio_perftest39.exe __orio_perftest39.c timer_cpu.o 
 running test:
	 ./__orio_perftest39.exe  
coordinate: [6], average cost: 3.922988888888889e-05, all costs: [4.0398e-05, 3.9446e-05, 3.9264e-05, 3.9205e-05, 3.9148e-05, 3.9182e-05, 3.9254e-05, 3.92e-05, 3.9178e-05, 3.9192e-05], average transfer time: inf
.
 building test:
	gcc -O0 -mcmodel=large  -DORIO_REPS=10 -o __orio_perftest40.exe __orio_perftest40.c timer_cpu.o 
 running test:
	 ./__orio_perftest40.exe  
coordinate: [7], average cost: 4.167811111111111e-05, all costs: [4.1938e-05, 3.9412e-05, 3.894e-05, 3.882e-05, 3.8769e-05, 3.8758e-05, 3.8854e-05, 3.8968e-05, 4.9525e-05, 5.3057e-05], average transfer time: inf
.
 building test:
	gcc -O0 -mcmodel=large  -DORIO_REPS=10 -o __orio_perftest41.exe __orio_perftest41.c timer_cpu.o 
 running test:
	 ./__orio_perftest41.exe  
coordinate: [8], average cost: 3.881888888888889e-05, all costs: [3.9515e-05, 3.8972e-05, 3.8857e-05, 3.8869e-05, 3.8718e-05, 3.8854e-05, 3.8729e-05, 3.883e-05, 3.8793e-05, 3.8748e-05], average transfer time: inf
.
 building test:
	gcc -O0 -mcmodel=large  -DORIO_REPS=10 -o __orio_perftest42.exe __orio_perftest42.c timer_cpu.o 
 running test:
	 ./__orio_perftest42.exe  
coordinate: [9], average cost: 3.9637777777777784e-05, all costs: [5.8385e-05, 4.8287e-05, 3.8898e-05, 3.8594e-05, 3.8582e-05, 3.8471e-05, 3.8498e-05, 3.8447e-05, 3.8532e-05, 3.8431e-05], average transfer time: inf
.
 building test:
	gcc -O0 -mcmodel=large  -DORIO_REPS=10 -o __orio_perftest43.exe __orio_perftest43.c timer_cpu.o 
 running test:
	 ./__orio_perftest43.exe  
coordinate: [10], average cost: 3.852344444444444e-05, all costs: [3.9383e-05, 3.876e-05, 3.8514e-05, 3.8501e-05, 3.8491e-05, 3.8519e-05, 3.8474e-05, 3.8482e-05, 3.8471e-05, 3.8499e-05], average transfer time: inf
.
 building test:
	gcc -O0 -mcmodel=large  -DORIO_REPS=10 -o __orio_perftest44.exe __orio_perftest44.c timer_cpu.o 
 running test:
	 ./__orio_perftest44.exe  
coordinate: [11], average cost: 3.979611111111111e-05, all costs: [3.9434e-05, 3.9003e-05, 3.8549e-05, 3.8565e-05, 3.8579e-05, 4.9305e-05, 3.8525e-05, 3.8541e-05, 3.8496e-05, 3.8602e-05], average transfer time: inf
.
 building test:
	gcc -O0 -mcmodel=large  -DORIO_REPS=10 -o __orio_perftest45.exe __orio_perftest45.c timer_cpu.o 
 running test:
	 ./__orio_perftest45.exe  
coordinate: [12], average cost: 3.8484222222222224e-05, all costs: [3.9773e-05, 3.863e-05, 3.8356e-05, 3.8469e-05, 3.8525e-05, 3.8537e-05, 3.8614e-05, 3.8338e-05, 3.854e-05, 3.8349e-05], average transfer time: inf
.
 building test:
	gcc -O0 -mcmodel=large  -DORIO_REPS=10 -o __orio_perftest46.exe __orio_perftest46.c timer_cpu.o 
 running test:
	 ./__orio_perftest46.exe  
coordinate: [13], average cost: 3.920855555555556e-05, all costs: [4.0354e-05, 3.9511e-05, 3.9186e-05, 3.9166e-05, 3.9087e-05, 3.9044e-05, 3.9178e-05, 3.9206e-05, 3.9405e-05, 3.9094e-05], average transfer time: inf
.
 building test:
	gcc -O0 -mcmodel=large  -DORIO_REPS=10 -o __orio_perftest47.exe __orio_perftest47.c timer_cpu.o 
 running test:
	 ./__orio_perftest47.exe  
coordinate: [14], average cost: 3.8787333333333334e-05, all costs: [3.956e-05, 3.8967e-05, 3.8807e-05, 3.8718e-05, 3.8747e-05, 3.8773e-05, 3.8781e-05, 3.8804e-05, 3.8772e-05, 3.8717e-05], average transfer time: inf
.
 building test:
	gcc -O0 -mcmodel=large  -DORIO_REPS=10 -o __orio_perftest48.exe __orio_perftest48.c timer_cpu.o 
 running test:
	 ./__orio_perftest48.exe  
coordinate: [15], average cost: 3.885000000000001e-05, all costs: [3.9801e-05, 3.9012e-05, 3.883e-05, 3.8806e-05, 3.8762e-05, 3.8968e-05, 3.8851e-05, 3.8869e-05, 3.8779e-05, 3.8773e-05], average transfer time: inf
.
 building test:
	gcc -O0 -mcmodel=large  -DORIO_REPS=10 -o __orio_perftest49.exe __orio_perftest49.c timer_cpu.o 
 running test:
	 ./__orio_perftest49.exe  
coordinate: [16], average cost: 3.8706777777777776e-05, all costs: [4.1891e-05, 3.9059e-05, 3.8707e-05, 3.869e-05, 3.8645e-05, 3.8663e-05, 3.8625e-05, 3.8647e-05, 3.8648e-05, 3.8677e-05], average transfer time: inf
.
 building test:
	gcc -O0 -mcmodel=large  -DORIO_REPS=10 -o __orio_perftest50.exe __orio_perftest50.c timer_cpu.o 
 running test:
	 ./__orio_perftest50.exe  
coordinate: [17], average cost: 3.878777777777778e-05, all costs: [3.9772e-05, 3.897e-05, 3.8803e-05, 3.8745e-05, 3.873e-05, 3.8779e-05, 3.8728e-05, 3.8731e-05, 3.8811e-05, 3.8793e-05], average transfer time: inf
.
 building test:
	gcc -O0 -mcmodel=large  -DORIO_REPS=10 -o __orio_perftest51.exe __orio_perftest51.c timer_cpu.o 
 running test:
	 ./__orio_perftest51.exe  
coordinate: [18], average cost: 3.900844444444444e-05, all costs: [4.011e-05, 3.9201e-05, 3.9038e-05, 3.8954e-05, 3.9005e-05, 3.9015e-05, 3.8975e-05, 3.899e-05, 3.8912e-05, 3.8986e-05], average transfer time: inf
.
 building test:
	gcc -O0 -mcmodel=large  -DORIO_REPS=10 -o __orio_perftest52.exe __orio_perftest52.c timer_cpu.o 
 running test:
	 ./__orio_perftest52.exe  
coordinate: [19], average cost: 3.8666999999999994e-05, all costs: [3.9831e-05, 3.8937e-05, 3.8616e-05, 3.8656e-05, 3.8636e-05, 3.8559e-05, 3.8661e-05, 3.871e-05, 3.8653e-05, 3.8575e-05], average transfer time: inf
.
 building test:
	gcc -O0 -mcmodel=large  -DORIO_REPS=10 -o __orio_perftest53.exe __orio_perftest53.c timer_cpu.o 
 running test:
	 ./__orio_perftest53.exe  
coordinate: [20], average cost: 4.0920111111111104e-05, all costs: [4.0329e-05, 3.9357e-05, 3.918e-05, 4.2101e-05, 3.9203e-05, 3.9547e-05, 3.9346e-05, 4.9756e-05, 4.0684e-05, 3.9107e-05], average transfer time: inf
.
 building test:
	gcc -O0 -mcmodel=large  -DORIO_REPS=10 -o __orio_perftest54.exe __orio_perftest54.c timer_cpu.o 
 running test:
	 ./__orio_perftest54.exe  
coordinate: [21], average cost: 4.470477777777778e-05, all costs: [4.0168e-05, 3.9518e-05, 3.8992e-05, 3.8961e-05, 3.9098e-05, 3.9224e-05, 4.934e-05, 5.1855e-05, 5.4864e-05, 5.0491e-05], average transfer time: inf
.
 building test:
	gcc -O0 -mcmodel=large  -DORIO_REPS=10 -o __orio_perftest55.exe __orio_perftest55.c timer_cpu.o 
 running test:
	 ./__orio_perftest55.exe  
coordinate: [22], average cost: 4.036655555555555e-05, all costs: [4.1473e-05, 4.1013e-05, 4.0327e-05, 4.0305e-05, 4.0274e-05, 4.0253e-05, 4.0277e-05, 4.0305e-05, 4.0285e-05, 4.026e-05], average transfer time: inf
.
 building test:
	gcc -O0 -mcmodel=large  -DORIO_REPS=10 -o __orio_perftest56.exe __orio_perftest56.c timer_cpu.o 
 running test:
	 ./__orio_perftest56.exe  
coordinate: [23], average cost: 3.8981666666666666e-05, all costs: [4.1027e-05, 3.9031e-05, 3.8952e-05, 3.8994e-05, 3.8951e-05, 3.8902e-05, 3.8993e-05, 3.8985e-05, 3.8996e-05, 3.9031e-05], average transfer time: inf
.
 building test:
	gcc -O0 -mcmodel=large  -DORIO_REPS=10 -o __orio_perftest57.exe __orio_perftest57.c timer_cpu.o 
 running test:
	 ./__orio_perftest57.exe  
coordinate: [24], average cost: 3.917155555555556e-05, all costs: [4.1187e-05, 3.9397e-05, 3.9213e-05, 3.9087e-05, 3.9032e-05, 3.9034e-05, 3.9143e-05, 3.9282e-05, 3.9284e-05, 3.9072e-05], average transfer time: inf
.
 building test:
	gcc -O0 -mcmodel=large  -DORIO_REPS=10 -o __orio_perftest58.exe __orio_perftest58.c timer_cpu.o 
 running test:
	 ./__orio_perftest58.exe  
coordinate: [25], average cost: 3.9181666666666665e-05, all costs: [4.0691e-05, 3.9345e-05, 3.9287e-05, 3.9151e-05, 3.9105e-05, 3.9132e-05, 3.9168e-05, 3.9234e-05, 3.9146e-05, 3.9067e-05], average transfer time: inf
.
 building test:
	gcc -O0 -mcmodel=large  -DORIO_REPS=10 -o __orio_perftest59.exe __orio_perftest59.c timer_cpu.o 
 running test:
	 ./__orio_perftest59.exe  
coordinate: [26], average cost: 4.377188888888889e-05, all costs: [4.1896e-05, 5.8417e-05, 5.3714e-05, 4.0164e-05, 4.0282e-05, 4.05e-05, 4.0273e-05, 4.0242e-05, 4.0169e-05, 4.0186e-05], average transfer time: inf
.
 building test:
	gcc -O0 -mcmodel=large  -DORIO_REPS=10 -o __orio_perftest60.exe __orio_perftest60.c timer_cpu.o 
 running test:
	 ./__orio_perftest60.exe  
coordinate: [27], average cost: 3.899911111111112e-05, all costs: [4.0472e-05, 3.9267e-05, 3.9007e-05, 3.8946e-05, 3.8932e-05, 3.8965e-05, 3.8992e-05, 3.8977e-05, 3.8948e-05, 3.8958e-05], average transfer time: inf
.
 building test:
	gcc -O0 -mcmodel=large  -DORIO_REPS=10 -o __orio_perftest61.exe __orio_perftest61.c timer_cpu.o 
 running test:
	 ./__orio_perftest61.exe  
coordinate: [28], average cost: 3.9032444444444445e-05, all costs: [4.0524e-05, 3.9467e-05, 3.9101e-05, 3.9007e-05, 3.8953e-05, 3.8979e-05, 3.8952e-05, 3.8913e-05, 3.8965e-05, 3.8955e-05], average transfer time: inf
.
 building test:
	gcc -O0 -mcmodel=large  -DORIO_REPS=10 -o __orio_perftest62.exe __orio_perftest62.c timer_cpu.o 
 running test:
	 ./__orio_perftest62.exe  
coordinate: [29], average cost: 4.1773e-05, all costs: [4.051e-05, 3.9338e-05, 3.9147e-05, 6.3414e-05, 3.9044e-05, 3.9031e-05, 3.8992e-05, 3.8991e-05, 3.8966e-05, 3.9034e-05], average transfer time: inf
.
 building test:
	gcc -O0 -mcmodel=large  -DORIO_REPS=10 -o __orio_perftest63.exe __orio_perftest63.c timer_cpu.o 
 running test:
	 ./__orio_perftest63.exe  
coordinate: [30], average cost: 3.935211111111111e-05, all costs: [4.0131e-05, 3.9494e-05, 3.9097e-05, 3.9066e-05, 3.8998e-05, 3.9053e-05, 3.9151e-05, 3.9018e-05, 4.1137e-05, 3.9155e-05], average transfer time: inf
.
 building test:
	gcc -O0 -mcmodel=large  -DORIO_REPS=10 -o __orio_perftest64.exe __orio_perftest64.c timer_cpu.o 
 running test:
	 ./__orio_perftest64.exe  
coordinate: [31], average cost: 3.9059e-05, all costs: [4.0748e-05, 3.9329e-05, 3.913e-05, 3.9017e-05, 3.9017e-05, 3.8995e-05, 3.9049e-05, 3.9032e-05, 3.8955e-05, 3.9007e-05], average transfer time: inf
----- end exhaustive search -----
----- begin summary -----
 best coordinate: [3]={'UF': 4}, cost=3.744667e-05, transfer_time=inf, inputs=[('N', 10000)], search_space=3.200e+01, search_time=3.95, runs=0
----- end summary -----

----- begin exhaustive search -----
.
 building test:
	gcc -O0 -mcmodel=large  -DORIO_REPS=10 -o __orio_perftest65.exe __orio_perftest65.c timer_cpu.o 
 running test:
	 ./__orio_perftest65.exe  
coordinate: [0], average cost: 0.0004405685555555556, all costs: [0.000444172, 0.000647219, 0.00046996, 0.000454333, 0.000400951, 0.000393145, 0.000388209, 0.000392481, 0.000412255, 0.000406564], average transfer time: inf
>>>> best coordinate found: [0], average cost: 4.405686e-04, average transfer time: inf
.
 building test:
	gcc -O0 -mcmodel=large  -DORIO_REPS=10 -o __orio_perftest66.exe __orio_perftest66.c timer_cpu.o 
 running test:
	 ./__orio_perftest66.exe  
coordinate: [1], average cost: 0.0003990554444444444, all costs: [0.000445656, 0.000424486, 0.000399365, 0.000388948, 0.000387513, 0.000387242, 0.000387978, 0.000386974, 0.000422108, 0.000406885], average transfer time: inf
>>>> best coordinate found: [1], average cost: 3.990554e-04, average transfer time: inf
.
 building test:
	gcc -O0 -mcmodel=large  -DORIO_REPS=10 -o __orio_perftest67.exe __orio_perftest67.c timer_cpu.o 
 running test:
	 ./__orio_perftest67.exe  
coordinate: [2], average cost: 0.00039444622222222224, all costs: [0.000450932, 0.000425335, 0.000404751, 0.000403396, 0.000389797, 0.000385729, 0.000385484, 0.000385036, 0.000385375, 0.000385113], average transfer time: inf
>>>> best coordinate found: [2], average cost: 3.944462e-04, average transfer time: inf
.
 building test:
	gcc -O0 -mcmodel=large  -DORIO_REPS=10 -o __orio_perftest68.exe __orio_perftest68.c timer_cpu.o 
 running test:
	 ./__orio_perftest68.exe  
coordinate: [3], average cost: 0.000397657, all costs: [0.000429804, 0.000419676, 0.000395781, 0.000379683, 0.000391381, 0.000392982, 0.000385738, 0.000396452, 0.000409951, 0.000407269], average transfer time: inf
.
 building test:
	gcc -O0 -mcmodel=large  -DORIO_REPS=10 -o __orio_perftest69.exe __orio_perftest69.c timer_cpu.o 
 running test:
	 ./__orio_perftest69.exe  
coordinate: [4], average cost: 0.0005232671111111112, all costs: [0.000448253, 0.000473343, 0.000667126, 0.000705033, 0.000680096, 0.000534414, 0.0004341, 0.00040394, 0.000398196, 0.000413156], average transfer time: inf
.
 building test:
	gcc -O0 -mcmodel=large  -DORIO_REPS=10 -o __orio_perftest70.exe __orio_perftest70.c timer_cpu.o 
 running test:
	 ./__orio_perftest70.exe  
coordinate: [5], average cost: 0.0004074146666666667, all costs: [0.000455246, 0.000432726, 0.000417056, 0.000401259, 0.000406804, 0.000399837, 0.000396629, 0.000399102, 0.000398199, 0.00041512], average transfer time: inf
.
 building test:
	gcc -O0 -mcmodel=large  -DORIO_REPS=10 -o __orio_perftest71.exe __orio_perftest71.c timer_cpu.o 
 running test:
	 ./__orio_perftest71.exe  
coordinate: [6], average cost: 0.00040933522222222227, all costs: [0.000527129, 0.000479877, 0.000424298, 0.000402989, 0.000392348, 0.000397781, 0.000391049, 0.000392365, 0.000397576, 0.000405734], average transfer time: inf
.
 building test:
	gcc -O0 -mcmodel=large  -DORIO_REPS=10 -o __orio_perftest72.exe __orio_perftest72.c timer_cpu.o 
 running test:
	 ./__orio_perftest72.exe  
coordinate: [7], average cost: 0.0003997261111111111, all costs: [0.00043469, 0.000433002, 0.000398082, 0.000392352, 0.000391374, 0.000411234, 0.000392832, 0.000393663, 0.000394095, 0.000390901], average transfer time: inf
.
 building test:
	gcc -O0 -mcmodel=large  -DORIO_REPS=10 -o __orio_perftest73.exe __orio_perftest73.c timer_cpu.o 
 running test:
	 ./__orio_perftest73.exe  
coordinate: [8], average cost: 0.0004069404444444444, all costs: [0.000445193, 0.000479729, 0.000415112, 0.000434781, 0.000395263, 0.000392838, 0.000388378, 0.000386279, 0.000385343, 0.000384741], average transfer time: inf
.
 building test:
	gcc -O0 -mcmodel=large  -DORIO_REPS=10 -o __orio_perftest74.exe __orio_perftest74.c timer_cpu.o 
 running test:
	 ./__orio_perftest74.exe  
coordinate: [9], average cost: 0.00039293111111111115, all costs: [0.000425912, 0.000419531, 0.000390707, 0.000386647, 0.000384845, 0.000385433, 0.000397305, 0.000386168, 0.000388284, 0.00039746], average transfer time: inf
>>>> best coordinate found: [9], average cost: 3.929311e-04, average transfer time: inf
.
 building test:
	gcc -O0 -mcmodel=large  -DORIO_REPS=10 -o __orio_perftest75.exe __orio_perftest75.c timer_cpu.o 
 running test:
	 ./__orio_perftest75.exe  
coordinate: [10], average cost: 0.0003948077777777778, all costs: [0.000443393, 0.000429777, 0.000399624, 0.000390391, 0.000390747, 0.000392884, 0.000389716, 0.000387788, 0.000386923, 0.00038542], average transfer time: inf
.
 building test:
	gcc -O0 -mcmodel=large  -DORIO_REPS=10 -o __orio_perftest76.exe __orio_perftest76.c timer_cpu.o 
 running test:
	 ./__orio_perftest76.exe  
coordinate: [11], average cost: 0.0003988795555555555, all costs: [0.000430809, 0.000437521, 0.000393708, 0.000389221, 0.000385896, 0.000385158, 0.000389388, 0.0004154, 0.00039822, 0.000395404], average transfer time: inf
.
 building test:
	gcc -O0 -mcmodel=large  -DORIO_REPS=10 -o __orio_perftest77.exe __orio_perftest77.c timer_cpu.o 
 running test:
	 ./__orio_perftest77.exe  
coordinate: [12], average cost: 0.00042673455555555556, all costs: [0.000424937, 0.000439993, 0.000490163, 0.000504105, 0.000463041, 0.000402473, 0.000391324, 0.000383379, 0.000383231, 0.000382902], average transfer time: inf
.
 building test:
	gcc -O0 -mcmodel=large  -DORIO_REPS=10 -o __orio_perftest78.exe __orio_perftest78.c timer_cpu.o 
 running test:
	 ./__orio_perftest78.exe  
coordinate: [13], average cost: 0.0004565224444444445, all costs: [0.000434243, 0.00044554, 0.000397881, 0.000389845, 0.000388647, 0.000388262, 0.000566937, 0.000538432, 0.000443409, 0.000549749], average transfer time: inf
.
 building test:
	gcc -O0 -mcmodel=large  -DORIO_REPS=10 -o __orio_perftest79.exe __orio_perftest79.c timer_cpu.o 
 running test:
	 ./__orio_perftest79.exe  
coordinate: [14], average cost: 0.00041660566666666665, all costs: [0.000449295, 0.000421828, 0.000421104, 0.000424456, 0.000443229, 0.000411496, 0.000427895, 0.000402043, 0.00039676, 0.00040064], average transfer time: inf
.
 building test:
	gcc -O0 -mcmodel=large  -DORIO_REPS=10 -o __orio_perftest80.exe __orio_perftest80.c timer_cpu.o 
 running test:
	 ./__orio_perftest80.exe  
coordinate: [15], average cost: 0.00043975511111111104, all costs: [0.000559622, 0.000548677, 0.000476919, 0.000457989, 0.000435112, 0.000407981, 0.000397912, 0.000405471, 0.000424221, 0.000403514], average transfer time: inf
.
 building test:
	gcc -O0 -mcmodel=large  -DORIO_REPS=10 -o __orio_perftest81.exe __orio_perftest81.c timer_cpu.o 
 running test:
	 ./__orio_perftest81.exe  
coordinate: [16], average cost: 0.0004866408888888889, all costs: [0.000440118, 0.000420942, 0.000523405, 0.000654153, 0.000628672, 0.000470739, 0.000430458, 0.000394095, 0.000427592, 0.000429712], average transfer time: inf
.
 building test:
	gcc -O0 -mcmodel=large  -DORIO_REPS=10 -o __orio_perftest82.exe __orio_perftest82.c timer_cpu.o 
 running test:
	 ./__orio_perftest82.exe  
coordinate: [17], average cost: 0.00041984888888888894, all costs: [0.000445371, 0.000450229, 0.000445917, 0.000399889, 0.000444234, 0.000404029, 0.000413056, 0.00042352, 0.00039637, 0.000401396], average transfer time: inf
.
 building test:
	gcc -O0 -mcmodel=large  -DORIO_REPS=10 -o __orio_perftest83.exe __orio_perftest83.c timer_cpu.o 
 running test:
	 ./__orio_perftest83.exe  
coordinate: [18], average cost: 0.00043093711111111114, all costs: [0.000456076, 0.000467891, 0.000420453, 0.000436309, 0.000416622, 0.000431053, 0.000428691, 0.000445495, 0.000415959, 0.000415961], average transfer time: inf
.
 building test:
	gcc -O0 -mcmodel=large  -DORIO_REPS=10 -o __orio_perftest84.exe __orio_perftest84.c timer_cpu.o 
 running test:
	 ./__orio_perftest84.exe  
coordinate: [19], average cost: 0.0004272596666666667, all costs: [0.000459928, 0.000456521, 0.000410977, 0.000396499, 0.000402221, 0.000437172, 0.000406109, 0.000512893, 0.000413831, 0.000409114], average transfer time: inf
.
 building test:
	gcc -O0 -mcmodel=large  -DORIO_REPS=10 -o __orio_perftest85.exe __orio_perftest85.c timer_cpu.o 
 running test:
	 ./__orio_perftest85.exe  
coordinate: [20], average cost: 0.00044722699999999997, all costs: [0.00044821, 0.000498168, 0.000416796, 0.000405505, 0.000402911, 0.000389955, 0.000389242, 0.000408132, 0.000463177, 0.000651157], average transfer time: inf
.
 building test:
	gcc -O0 -mcmodel=large  -DORIO_REPS=10 -o __orio_perftest86.exe __orio_perftest86.c timer_cpu.o 
 running test:
	 ./__orio_perftest86.exe  
coordinate: [21], average cost: 0.00044024777777777773, all costs: [0.000473249, 0.000569999, 0.000544538, 0.000484096, 0.000418187, 0.000392998, 0.000388382, 0.000388691, 0.000387671, 0.000387668], average transfer time: inf
.
 building test:
	gcc -O0 -mcmodel=large  -DORIO_REPS=10 -o __orio_perftest87.exe __orio_perftest87.c timer_cpu.o 
 running test:
	 ./__orio_perftest87.exe  
coordinate: [22], average cost: 0.00040084844444444444, all costs: [0.000443578, 0.000421248, 0.000404171, 0.000389729, 0.000391011, 0.000388198, 0.00038928, 0.00039676, 0.000401113, 0.000426126], average transfer time: inf
.
 building test:
	gcc -O0 -mcmodel=large  -DORIO_REPS=10 -o __orio_perftest88.exe __orio_perftest88.c timer_cpu.o 
 running test:
	 ./__orio_perftest88.exe  
coordinate: [23], average cost: 0.00041125, all costs: [0.000442739, 0.000424619, 0.000402019, 0.000442282, 0.000419228, 0.000407654, 0.000407904, 0.000401317, 0.000401584, 0.000394643], average transfer time: inf
.
 building test:
	gcc -O0 -mcmodel=large  -DORIO_REPS=10 -o __orio_perftest89.exe __orio_perftest89.c timer_cpu.o 
 running test:
	 ./__orio_perftest89.exe  
coordinate: [24], average cost: 0.0004511452222222222, all costs: [0.00043903, 0.000417691, 0.000394929, 0.00040425, 0.000403794, 0.000470219, 0.000682713, 0.000435907, 0.000452984, 0.00039782], average transfer time: inf
.
 building test:
	gcc -O0 -mcmodel=large  -DORIO_REPS=10 -o __orio_perftest90.exe __orio_perftest90.c timer_cpu.o 
 running test:
	 ./__orio_perftest90.exe  
coordinate: [25], average cost: 0.00043582688888888887, all costs: [0.000445909, 0.000616571, 0.000518773, 0.000418604, 0.000396655, 0.000396968, 0.00039267, 0.00039494, 0.000391074, 0.000396187], average transfer time: inf
.
 building test:
	gcc -O0 -mcmodel=large  -DORIO_REPS=10 -o __orio_perftest91.exe __orio_perftest91.c timer_cpu.o 
 running test:
	 ./__orio_perftest91.exe  
coordinate: [26], average cost: 0.0004008238888888889, all costs: [0.000436824, 0.000450513, 0.000399626, 0.000401404, 0.00039084, 0.000401638, 0.000388648, 0.000388831, 0.000395677, 0.000390238], average transfer time: inf
.
 building test:
	gcc -O0 -mcmodel=large  -DORIO_REPS=10 -o __orio_perftest92.exe __orio_perftest92.c timer_cpu.o 
 running test:
	 ./__orio_perftest92.exe  
coordinate: [27], average cost: 0.00045357611111111117, all costs: [0.000433416, 0.000436687, 0.000395711, 0.00041048, 0.000397746, 0.000393368, 0.000425556, 0.000486026, 0.000516856, 0.000619755], average transfer time: inf
.
 building test:
	gcc -O0 -mcmodel=large  -DORIO_REPS=10 -o __orio_perftest93.exe __orio_perftest93.c timer_cpu.o 
 running test:
	 ./__orio_perftest93.exe  
coordinate: [28], average cost: 0.0004982171111111111, all costs: [0.000493848, 0.000631598, 0.000609841, 0.0005641, 0.00056927, 0.000467502, 0.000452636, 0.000407779, 0.000390333, 0.000390895], average transfer time: inf
.
 building test:
	gcc -O0 -mcmodel=large  -DORIO_REPS=10 -o __orio_perftest94.exe __orio_perftest94.c timer_cpu.o 
 running test:
	 ./__orio_perftest94.exe  
coordinate: [29], average cost: 0.0004365548888888889, all costs: [0.000451085, 0.000424026, 0.00040805, 0.00040341, 0.000390908, 0.000392119, 0.000419371, 0.000445309, 0.000603676, 0.000442125], average transfer time: inf
.
 building test:
	gcc -O0 -mcmodel=large  -DORIO_REPS=10 -o __orio_perftest95.exe __orio_perftest95.c timer_cpu.o 
 running test:
	 ./__orio_perftest95.exe  
coordinate: [30], average cost: 0.0004277721111111111, all costs: [0.000488895, 0.000515087, 0.000476647, 0.000436544, 0.000409511, 0.000390471, 0.000395973, 0.000390461, 0.000388805, 0.00044645], average transfer time: inf
.
 building test:
	gcc -O0 -mcmodel=large  -DORIO_REPS=10 -o __orio_perftest96.exe __orio_perftest96.c timer_cpu.o 
 running test:
	 ./__orio_perftest96.exe  
coordinate: [31], average cost: 0.00044882833333333334, all costs: [0.000446731, 0.000434838, 0.000398802, 0.00040304, 0.000395698, 0.000401932, 0.000467706, 0.000632145, 0.000460811, 0.000444483], average transfer time: inf
----- end exhaustive search -----
----- begin summary -----
 best coordinate: [9]={'UF': 10}, cost=3.929311e-04, transfer_time=inf, inputs=[('N', 100000)], search_space=3.200e+01, search_time=4.19, runs=0
----- end summary -----

----- begin exhaustive search -----
.
 building test:
	gcc -O0 -mcmodel=large  -DORIO_REPS=10 -o __orio_perftest97.exe __orio_perftest97.c timer_cpu.o 
 running test:
	 ./__orio_perftest97.exe  
coordinate: [0], average cost: 0.0023651166666666668, all costs: [0.00235723, 0.00234957, 0.00229712, 0.00252326, 0.00238853, 0.0024086, 0.00229637, 0.00238348, 0.00236509, 0.00227403], average transfer time: inf
>>>> best coordinate found: [0], average cost: 2.365117e-03, average transfer time: inf
.
 building test:
	gcc -O0 -mcmodel=large  -DORIO_REPS=10 -o __orio_perftest98.exe __orio_perftest98.c timer_cpu.o 
 running test:
	 ./__orio_perftest98.exe  
coordinate: [1], average cost: 0.0023856733333333336, all costs: [0.00255362, 0.00226185, 0.00229505, 0.00235357, 0.00231768, 0.00240816, 0.00258699, 0.00252228, 0.00238657, 0.00233891], average transfer time: inf
.
 building test:
	gcc -O0 -mcmodel=large  -DORIO_REPS=10 -o __orio_perftest99.exe __orio_perftest99.c timer_cpu.o 
 running test:
	 ./__orio_perftest99.exe  
coordinate: [2], average cost: 0.0023690933333333332, all costs: [0.00241898, 0.00233033, 0.0023629, 0.00256846, 0.00252592, 0.00228368, 0.00227959, 0.00233019, 0.00225553, 0.00238524], average transfer time: inf
.
 building test:
	gcc -O0 -mcmodel=large  -DORIO_REPS=10 -o __orio_perftest100.exe __orio_perftest100.c timer_cpu.o 
 running test:
	 ./__orio_perftest100.exe  
coordinate: [3], average cost: 0.002378311111111111, all costs: [0.00277726, 0.00253115, 0.00239221, 0.00234432, 0.00236466, 0.00235467, 0.00223766, 0.00249103, 0.00236738, 0.00232172], average transfer time: inf
.
 building test:
	gcc -O0 -mcmodel=large  -DORIO_REPS=10 -o __orio_perftest101.exe __orio_perftest101.c timer_cpu.o 
 running test:
	 ./__orio_perftest101.exe  
coordinate: [4], average cost: 0.0026245, all costs: [0.00245723, 0.00306567, 0.00376912, 0.0023233, 0.00230622, 0.00235714, 0.00228479, 0.00232268, 0.00238048, 0.0028111], average transfer time: inf
.
 building test:
	gcc -O0 -mcmodel=large  -DORIO_REPS=10 -o __orio_perftest102.exe __orio_perftest102.c timer_cpu.o 
 running test:
	 ./__orio_perftest102.exe  
coordinate: [5], average cost: 0.002405386666666667, all costs: [0.00232163, 0.00240659, 0.00231286, 0.0023726, 0.00248286, 0.00254756, 0.00239031, 0.00237025, 0.00240427, 0.00236118], average transfer time: inf
.
 building test:
	gcc -O0 -mcmodel=large  -DORIO_REPS=10 -o __orio_perftest103.exe __orio_perftest103.c timer_cpu.o 
 running test:
	 ./__orio_perftest103.exe  
coordinate: [6], average cost: 0.0023820877777777777, all costs: [0.00235801, 0.00241191, 0.00228889, 0.00236742, 0.00234109, 0.00273841, 0.00234718, 0.00228183, 0.00234526, 0.0023168], average transfer time: inf
.
 building test:
	gcc -O0 -mcmodel=large  -DORIO_REPS=10 -o __orio_perftest104.exe __orio_perftest104.c timer_cpu.o 
 running test:
	 ./__orio_perftest104.exe  
coordinate: [7], average cost: 0.0023640155555555557, all costs: [0.00234035, 0.00233345, 0.00229967, 0.00252478, 0.00230168, 0.00233018, 0.00243741, 0.00238365, 0.00235563, 0.00230969], average transfer time: inf
>>>> best coordinate found: [7], average cost: 2.364016e-03, average transfer time: inf
.
 building test:
	gcc -O0 -mcmodel=large  -DORIO_REPS=10 -o __orio_perftest105.exe __orio_perftest105.c timer_cpu.o 
 running test:
	 ./__orio_perftest105.exe  
coordinate: [8], average cost: 0.0023302733333333335, all costs: [0.00276062, 0.00234222, 0.00230502, 0.00227508, 0.00249067, 0.00231419, 0.00229538, 0.00227252, 0.00233654, 0.00234084], average transfer time: inf
>>>> best coordinate found: [8], average cost: 2.330273e-03, average transfer time: inf
.
 building test:
	gcc -O0 -mcmodel=large  -DORIO_REPS=10 -o __orio_perftest106.exe __orio_perftest106.c timer_cpu.o 
 running test:
	 ./__orio_perftest106.exe  
coordinate: [9], average cost: 0.0023693644444444445, all costs: [0.0023237, 0.00235536, 0.00234084, 0.00235247, 0.00233772, 0.00254944, 0.00245587, 0.00227501, 0.00233925, 0.00231832], average transfer time: inf
.
 building test:
	gcc -O0 -mcmodel=large  -DORIO_REPS=10 -o __orio_perftest107.exe __orio_perftest107.c timer_cpu.o 
 running test:
	 ./__orio_perftest107.exe  
coordinate: [10], average cost: 0.0023327388888888887, all costs: [0.00238337, 0.00232307, 0.00229846, 0.00248286, 0.00229288, 0.00231462, 0.00227841, 0.0024078, 0.0022612, 0.00233535], average transfer time: inf
.
 building test:
	gcc -O0 -mcmodel=large  -DORIO_REPS=10 -o __orio_perftest108.exe __orio_perftest108.c timer_cpu.o 
 running test:
	 ./__orio_perftest108.exe  
coordinate: [11], average cost: 0.0024555066666666664, all costs: [0.00233084, 0.00235282, 0.00280443, 0.00246462, 0.0023837, 0.00236141, 0.00236666, 0.00236003, 0.00226579, 0.0027401], average transfer time: inf
.
 building test:
	gcc -O0 -mcmodel=large  -DORIO_REPS=10 -o __orio_perftest109.exe __orio_perftest109.c timer_cpu.o 
 running test:
	 ./__orio_perftest109.exe  
coordinate: [12], average cost: 0.0023080555555555554, all costs: [0.00278221, 0.0022827, 0.00228531, 0.00223872, 0.00229432, 0.0023435, 0.00225556, 0.00244318, 0.0023187, 0.00231051], average transfer time: inf
>>>> best coordinate found: [12], average cost: 2.308056e-03, average transfer time: inf
.
 building test:
	gcc -O0 -mcmodel=large  -DORIO_REPS=10 -o __orio_perftest110.exe __orio_perftest110.c timer_cpu.o 
 running test:
	 ./__orio_perftest110.exe  
coordinate: [13], average cost: 0.002398616666666667, all costs: [0.00243321, 0.00244901, 0.00250736, 0.00236714, 0.00228428, 0.00239912, 0.00234574, 0.00234316, 0.00242482, 0.00246692], average transfer time: inf
.
 building test:
	gcc -O0 -mcmodel=large  -DORIO_REPS=10 -o __orio_perftest111.exe __orio_perftest111.c timer_cpu.o 
 running test:
	 ./__orio_perftest111.exe  
coordinate: [14], average cost: 0.0023636522222222223, all costs: [0.00239168, 0.00234055, 0.00238332, 0.00234089, 0.00238331, 0.00236548, 0.00248333, 0.00238187, 0.00229096, 0.00230316], average transfer time: inf
.
 building test:
	gcc -O0 -mcmodel=large  -DORIO_REPS=10 -o __orio_perftest112.exe __orio_perftest112.c timer_cpu.o 
 running test:
	 ./__orio_perftest112.exe  
coordinate: [15], average cost: 0.002385332222222222, all costs: [0.00230384, 0.00247176, 0.00257216, 0.00236829, 0.00229959, 0.00231066, 0.00228497, 0.00226127, 0.00234979, 0.0025495], average transfer time: inf
.
 building test:
	gcc -O0 -mcmodel=large  -DORIO_REPS=10 -o __orio_perftest113.exe __orio_perftest113.c timer_cpu.o 
 running test:
	 ./__orio_perftest113.exe  
coordinate: [16], average cost: 0.002363571111111111, all costs: [0.00229747, 0.00226736, 0.0023378, 0.00232551, 0.00230842, 0.00232228, 0.00255304, 0.00234822, 0.0024308, 0.00237871], average transfer time: inf
.
 building test:
	gcc -O0 -mcmodel=large  -DORIO_REPS=10 -o __orio_perftest114.exe __orio_perftest114.c timer_cpu.o 
 running test:
	 ./__orio_perftest114.exe  
coordinate: [17], average cost: 0.0023483788888888886, all costs: [0.00232254, 0.00233429, 0.00257043, 0.00232737, 0.00232696, 0.0023164, 0.00235239, 0.00227239, 0.00226899, 0.00236619], average transfer time: inf
.
 building test:
	gcc -O0 -mcmodel=large  -DORIO_REPS=10 -o __orio_perftest115.exe __orio_perftest115.c timer_cpu.o 
 running test:
	 ./__orio_perftest115.exe  
coordinate: [18], average cost: 0.002347413333333333, all costs: [0.00227352, 0.00234348, 0.00237867, 0.00242816, 0.00231884, 0.00250458, 0.00229979, 0.00227377, 0.00231483, 0.0022646], average transfer time: inf
.
 building test:
	gcc -O0 -mcmodel=large  -DORIO_REPS=10 -o __orio_perftest116.exe __orio_perftest116.c timer_cpu.o 
 running test:
	 ./__orio_perftest116.exe  
coordinate: [19], average cost: 0.002425215555555556, all costs: [0.00250674, 0.00270066, 0.00240304, 0.00228915, 0.00229913, 0.00232543, 0.00227366, 0.00233443, 0.00278998, 0.00241146], average transfer time: inf
.
 building test:
	gcc -O0 -mcmodel=large  -DORIO_REPS=10 -o __orio_perftest117.exe __orio_perftest117.c timer_cpu.o 
 running test:
	 ./__orio_perftest117.exe  
coordinate: [20], average cost: 0.0023421133333333334, all costs: [0.00242226, 0.00236228, 0.00226467, 0.00252206, 0.0023173, 0.00230007, 0.00225698, 0.00237385, 0.00230344, 0.00237837], average transfer time: inf
.
 building test:
	gcc -O0 -mcmodel=large  -DORIO_REPS=10 -o __orio_perftest118.exe __orio_perftest118.c timer_cpu.o 
 running test:
	 ./__orio_perftest118.exe  
coordinate: [21], average cost: 0.0023460277777777776, all costs: [0.00228792, 0.00241266, 0.00230427, 0.00247478, 0.00236627, 0.00229316, 0.00233222, 0.00230343, 0.00230825, 0.00231921], average transfer time: inf
.
 building test:
	gcc -O0 -mcmodel=large  -DORIO_REPS=10 -o __orio_perftest119.exe __orio_perftest119.c timer_cpu.o 
 running test:
	 ./__orio_perftest119.exe  
coordinate: [22], average cost: 0.002399242222222222, all costs: [0.0022805, 0.00234915, 0.00237819, 0.00241882, 0.00233511, 0.00238322, 0.00242197, 0.00242605, 0.00234948, 0.00253119], average transfer time: inf
.
 building test:
	gcc -O0 -mcmodel=large  -DORIO_REPS=10 -o __orio_perftest120.exe __orio_perftest120.c timer_cpu.o 
 running test:
	 ./__orio_perftest120.exe  
coordinate: [23], average cost: 0.002642782222222222, all costs: [0.00260252, 0.00303317, 0.00246179, 0.00284082, 0.00250475, 0.00264722, 0.00272553, 0.002506, 0.00253931, 0.00252645], average transfer time: inf
.
 building test:
	gcc -O0 -mcmodel=large  -DORIO_REPS=10 -o __orio_perftest121.exe __orio_perftest121.c timer_cpu.o 
 running test:
	 ./__orio_perftest121.exe  
coordinate: [24], average cost: 0.0024197422222222227, all costs: [0.00240061, 0.00236433, 0.00246339, 0.00239652, 0.00268321, 0.00236272, 0.00242237, 0.00235379, 0.00229081, 0.00244054], average transfer time: inf
.
 building test:
	gcc -O0 -mcmodel=large  -DORIO_REPS=10 -o __orio_perftest122.exe __orio_perftest122.c timer_cpu.o 
 running test:
	 ./__orio_perftest122.exe  
coordinate: [25], average cost: 0.002720657777777778, all costs: [0.00248721, 0.00236472, 0.00233153, 0.00247772, 0.00274354, 0.00264301, 0.00273901, 0.00317878, 0.00252252, 0.00348509], average transfer time: inf
.
 building test:
	gcc -O0 -mcmodel=large  -DORIO_REPS=10 -o __orio_perftest123.exe __orio_perftest123.c timer_cpu.o 
 running test:
	 ./__orio_perftest123.exe  
coordinate: [26], average cost: 0.0024480322222222226, all costs: [0.00241363, 0.00239036, 0.00240477, 0.00260205, 0.00244836, 0.00242638, 0.00264344, 0.0023893, 0.00238705, 0.00234058], average transfer time: inf
.
 building test:
	gcc -O0 -mcmodel=large  -DORIO_REPS=10 -o __orio_perftest124.exe __orio_perftest124.c timer_cpu.o 
 running test:
	 ./__orio_perftest124.exe  
coordinate: [27], average cost: 0.0023508933333333333, all costs: [0.00243609, 0.00238906, 0.00226537, 0.00229989, 0.00245167, 0.00230106, 0.0023295, 0.00248672, 0.00236478, 0.00226999], average transfer time: inf
.
 building test:
	gcc -O0 -mcmodel=large  -DORIO_REPS=10 -o __orio_perftest125.exe __orio_perftest125.c timer_cpu.o 
 running test:
	 ./__orio_perftest125.exe  
coordinate: [28], average cost: 0.002413868888888889, all costs: [0.00230848, 0.00237225, 0.00231863, 0.00226668, 0.00260283, 0.00251866, 0.00234663, 0.0024977, 0.00236398, 0.00243746], average transfer time: inf
.
 building test:
	gcc -O0 -mcmodel=large  -DORIO_REPS=10 -o __orio_perftest126.exe __orio_perftest126.c timer_cpu.o 
 running test:
	 ./__orio_perftest126.exe  
coordinate: [29], average cost: 0.00238353, all costs: [0.00262308, 0.00255395, 0.00230946, 0.00230998, 0.00253515, 0.00226809, 0.00237422, 0.00225782, 0.00249783, 0.00234527], average transfer time: inf
.
 building test:
	gcc -O0 -mcmodel=large  -DORIO_REPS=10 -o __orio_perftest127.exe __orio_perftest127.c timer_cpu.o 
 running test:
	 ./__orio_perftest127.exe  
coordinate: [30], average cost: 0.002401217777777778, all costs: [0.0023154, 0.00232397, 0.00227391, 0.00233844, 0.00255609, 0.00280372, 0.00231738, 0.00235497, 0.00237045, 0.00227203], average transfer time: inf
.
 building test:
	gcc -O0 -mcmodel=large  -DORIO_REPS=10 -o __orio_perftest128.exe __orio_perftest128.c timer_cpu.o 
 running test:
	 ./__orio_perftest128.exe  
coordinate: [31], average cost: 0.0023593055555555555, all costs: [0.00280921, 0.00227299, 0.00229565, 0.00226743, 0.00229505, 0.00238792, 0.00234539, 0.00265948, 0.00230083, 0.00240901], average transfer time: inf
----- end exhaustive search -----
----- begin summary -----
 best coordinate: [12]={'UF': 13}, cost=2.308056e-03, transfer_time=inf, inputs=[('N', 500000)], search_space=3.200e+01, search_time=5.31, runs=0
----- end summary -----

----- begin exhaustive search -----
.
 building test:
	gcc -O0 -mcmodel=large  -DORIO_REPS=10 -o __orio_perftest129.exe __orio_perftest129.c timer_cpu.o 
 running test:
	 ./__orio_perftest129.exe  
coordinate: [0], average cost: 0.05552161111111111, all costs: [0.0536109, 0.0529278, 0.0532925, 0.0628561, 0.0541613, 0.055188, 0.0567488, 0.0566696, 0.05395, 0.0539004], average transfer time: inf
>>>> best coordinate found: [0], average cost: 5.552161e-02, average transfer time: inf
.
 building test:
	gcc -O0 -mcmodel=large  -DORIO_REPS=10 -o __orio_perftest130.exe __orio_perftest130.c timer_cpu.o 
 running test:
	 ./__orio_perftest130.exe  
coordinate: [1], average cost: 0.054454188888888894, all costs: [0.0518549, 0.0519041, 0.0515907, 0.0522063, 0.0575233, 0.0578562, 0.0556495, 0.0532473, 0.0577087, 0.0524016], average transfer time: inf
>>>> best coordinate found: [1], average cost: 5.445419e-02, average transfer time: inf
.
 building test:
	gcc -O0 -mcmodel=large  -DORIO_REPS=10 -o __orio_perftest131.exe __orio_perftest131.c timer_cpu.o 
 running test:
	 ./__orio_perftest131.exe  
coordinate: [2], average cost: 0.057161366666666664, all costs: [0.0512214, 0.0515297, 0.0515542, 0.0515207, 0.0532669, 0.0726912, 0.0769486, 0.053878, 0.0519621, 0.0511009], average transfer time: inf
.
 building test:
	gcc -O0 -mcmodel=large  -DORIO_REPS=10 -o __orio_perftest132.exe __orio_perftest132.c timer_cpu.o 
 running test:
	 ./__orio_perftest132.exe  
coordinate: [3], average cost: 0.05615955555555555, all costs: [0.0543261, 0.053884, 0.0537953, 0.0538796, 0.0645437, 0.0591584, 0.057502, 0.0546957, 0.0543283, 0.053649], average transfer time: inf
.
 building test:
	gcc -O0 -mcmodel=large  -DORIO_REPS=10 -o __orio_perftest133.exe __orio_perftest133.c timer_cpu.o 
 running test:
	 ./__orio_perftest133.exe  
coordinate: [4], average cost: 0.06038976666666667, all costs: [0.0546187, 0.0550382, 0.0561892, 0.0559132, 0.0685686, 0.0825745, 0.0565991, 0.0564697, 0.0570533, 0.0551021], average transfer time: inf
.
 building test:
	gcc -O0 -mcmodel=large  -DORIO_REPS=10 -o __orio_perftest134.exe __orio_perftest134.c timer_cpu.o 
 running test:
	 ./__orio_perftest134.exe  
coordinate: [5], average cost: 0.0554771, all costs: [0.0531045, 0.0523473, 0.0534083, 0.05439, 0.0563339, 0.0615497, 0.0581879, 0.0562936, 0.0550338, 0.0517494], average transfer time: inf
.
 building test:
	gcc -O0 -mcmodel=large  -DORIO_REPS=10 -o __orio_perftest135.exe __orio_perftest135.c timer_cpu.o 
 running test:
	 ./__orio_perftest135.exe  
coordinate: [6], average cost: 0.05528661111111111, all costs: [0.0522376, 0.0526235, 0.0564236, 0.0533881, 0.0630078, 0.058701, 0.0543341, 0.0542167, 0.0533437, 0.051541], average transfer time: inf
.
 building test:
	gcc -O0 -mcmodel=large  -DORIO_REPS=10 -o __orio_perftest136.exe __orio_perftest136.c timer_cpu.o 
 running test:
	 ./__orio_perftest136.exe  
coordinate: [7], average cost: 0.054811588888888894, all costs: [0.0538828, 0.0525138, 0.0536697, 0.0531491, 0.0584564, 0.0579575, 0.0551361, 0.0548119, 0.0553003, 0.0523095], average transfer time: inf
.
 building test:
	gcc -O0 -mcmodel=large  -DORIO_REPS=10 -o __orio_perftest137.exe __orio_perftest137.c timer_cpu.o 
 running test:
	 ./__orio_perftest137.exe  
coordinate: [8], average cost: 0.05428017777777777, all costs: [0.0520089, 0.0531725, 0.0531104, 0.0540033, 0.0581885, 0.0545741, 0.0552447, 0.0532953, 0.0534711, 0.0534617], average transfer time: inf
>>>> best coordinate found: [8], average cost: 5.428018e-02, average transfer time: inf
.
 building test:
	gcc -O0 -mcmodel=large  -DORIO_REPS=10 -o __orio_perftest138.exe __orio_perftest138.c timer_cpu.o 
 running test:
	 ./__orio_perftest138.exe  
coordinate: [9], average cost: 0.054751433333333335, all costs: [0.0522677, 0.0531408, 0.0542871, 0.0534074, 0.0586753, 0.0571641, 0.0549491, 0.0542566, 0.0543672, 0.0525153], average transfer time: inf
.
 building test:
	gcc -O0 -mcmodel=large  -DORIO_REPS=10 -o __orio_perftest139.exe __orio_perftest139.c timer_cpu.o 
 running test:
	 ./__orio_perftest139.exe  
coordinate: [10], average cost: 0.05641945555555556, all costs: [0.0530532, 0.0540048, 0.0537617, 0.0573754, 0.0696365, 0.0569371, 0.0544233, 0.0543914, 0.0543583, 0.0528866], average transfer time: inf
.
 building test:
	gcc -O0 -mcmodel=large  -DORIO_REPS=10 -o __orio_perftest140.exe __orio_perftest140.c timer_cpu.o 
 running test:
	 ./__orio_perftest140.exe  
coordinate: [11], average cost: 0.059368388888888894, all costs: [0.0531442, 0.0537155, 0.0565478, 0.0708981, 0.0692768, 0.0581885, 0.0570927, 0.057251, 0.0568992, 0.0544459], average transfer time: inf
.
 building test:
	gcc -O0 -mcmodel=large  -DORIO_REPS=10 -o __orio_perftest141.exe __orio_perftest141.c timer_cpu.o 
 running test:
	 ./__orio_perftest141.exe  
coordinate: [12], average cost: 0.055915200000000005, all costs: [0.0542196, 0.0540542, 0.0543773, 0.0552451, 0.0591912, 0.0573226, 0.0556081, 0.0556209, 0.0565668, 0.0552506], average transfer time: inf
.
 building test:
	gcc -O0 -mcmodel=large  -DORIO_REPS=10 -o __orio_perftest142.exe __orio_perftest142.c timer_cpu.o 
 running test:
	 ./__orio_perftest142.exe  
coordinate: [13], average cost: 0.059196633333333325, all costs: [0.0565726, 0.0560904, 0.0558673, 0.0575628, 0.0711443, 0.0592537, 0.0611683, 0.0575649, 0.0576598, 0.0564582], average transfer time: inf
.
 building test:
	gcc -O0 -mcmodel=large  -DORIO_REPS=10 -o __orio_perftest143.exe __orio_perftest143.c timer_cpu.o 
 running test:
	 ./__orio_perftest143.exe  
coordinate: [14], average cost: 0.05646743333333334, all costs: [0.0539616, 0.0545179, 0.0549558, 0.0607208, 0.05944, 0.0561631, 0.0562349, 0.0561412, 0.0553516, 0.0546816], average transfer time: inf
.
 building test:
	gcc -O0 -mcmodel=large  -DORIO_REPS=10 -o __orio_perftest144.exe __orio_perftest144.c timer_cpu.o 
 running test:
	 ./__orio_perftest144.exe  
coordinate: [15], average cost: 0.05558626666666666, all costs: [0.054029, 0.0560196, 0.0556091, 0.0556511, 0.059424, 0.0564242, 0.0546465, 0.0547856, 0.0545937, 0.0531226], average transfer time: inf
.
 building test:
	gcc -O0 -mcmodel=large  -DORIO_REPS=10 -o __orio_perftest145.exe __orio_perftest145.c timer_cpu.o 
 running test:
	 ./__orio_perftest145.exe  
coordinate: [16], average cost: 0.055955077777777786, all costs: [0.0550978, 0.055763, 0.0552889, 0.0597096, 0.0596838, 0.0546397, 0.0549873, 0.0554778, 0.054969, 0.0530766], average transfer time: inf
.
 building test:
	gcc -O0 -mcmodel=large  -DORIO_REPS=10 -o __orio_perftest146.exe __orio_perftest146.c timer_cpu.o 
 running test:
	 ./__orio_perftest146.exe  
coordinate: [17], average cost: 0.06324095555555556, all costs: [0.059105, 0.0597875, 0.0601577, 0.0749749, 0.0620086, 0.0618552, 0.0705823, 0.0613035, 0.0599276, 0.0585713], average transfer time: inf
.
 building test:
	gcc -O0 -mcmodel=large  -DORIO_REPS=10 -o __orio_perftest147.exe __orio_perftest147.c timer_cpu.o 
 running test:
	 ./__orio_perftest147.exe  
coordinate: [18], average cost: 0.05859937777777778, all costs: [0.0550204, 0.0558554, 0.0566806, 0.0591814, 0.0727408, 0.0588541, 0.0566118, 0.0572439, 0.0561089, 0.0541175], average transfer time: inf
.
 building test:
	gcc -O0 -mcmodel=large  -DORIO_REPS=10 -o __orio_perftest148.exe __orio_perftest148.c timer_cpu.o 
 running test:
	 ./__orio_perftest148.exe  
coordinate: [19], average cost: 0.060515533333333336, all costs: [0.0594768, 0.0592368, 0.058696, 0.0640255, 0.0626408, 0.0595349, 0.0603495, 0.0611201, 0.0608071, 0.0582291], average transfer time: inf
.
 building test:
	gcc -O0 -mcmodel=large  -DORIO_REPS=10 -o __orio_perftest149.exe __orio_perftest149.c timer_cpu.o 
 running test:
	 ./__orio_perftest149.exe  
coordinate: [20], average cost: 0.05893024444444444, all costs: [0.0565335, 0.059028, 0.0564989, 0.0680172, 0.058921, 0.057516, 0.0582272, 0.057203, 0.0582047, 0.0567562], average transfer time: inf
.
 building test:
	gcc -O0 -mcmodel=large  -DORIO_REPS=10 -o __orio_perftest150.exe __orio_perftest150.c timer_cpu.o 
 running test:
	 ./__orio_perftest150.exe  
coordinate: [21], average cost: 0.05748642222222222, all costs: [0.0557541, 0.0557007, 0.0567188, 0.0623344, 0.0613477, 0.0580517, 0.0567536, 0.0555947, 0.0555036, 0.0553726], average transfer time: inf
.
 building test:
	gcc -O0 -mcmodel=large  -DORIO_REPS=10 -o __orio_perftest151.exe __orio_perftest151.c timer_cpu.o 
 running test:
	 ./__orio_perftest151.exe  
coordinate: [22], average cost: 0.06219795555555555, all costs: [0.0560084, 0.0562974, 0.0562742, 0.0686131, 0.0948137, 0.0591631, 0.0571089, 0.0569787, 0.055087, 0.0554455], average transfer time: inf
.
 building test:
	gcc -O0 -mcmodel=large  -DORIO_REPS=10 -o __orio_perftest152.exe __orio_perftest152.c timer_cpu.o 
 running test:
	 ./__orio_perftest152.exe  
coordinate: [23], average cost: 0.057804522222222224, all costs: [0.0966375, 0.0587907, 0.059381, 0.0626606, 0.0569667, 0.0575789, 0.0570035, 0.0560601, 0.0562102, 0.055589], average transfer time: inf
.
 building test:
	gcc -O0 -mcmodel=large  -DORIO_REPS=10 -o __orio_perftest153.exe __orio_perftest153.c timer_cpu.o 
 running test:
	 ./__orio_perftest153.exe  
coordinate: [24], average cost: 0.0574481, all costs: [0.0557479, 0.0567572, 0.0561498, 0.0591333, 0.0599717, 0.0581108, 0.0566747, 0.057274, 0.0562547, 0.0567067], average transfer time: inf
.
 building test:
	gcc -O0 -mcmodel=large  -DORIO_REPS=10 -o __orio_perftest154.exe __orio_perftest154.c timer_cpu.o 
 running test:
	 ./__orio_perftest154.exe  
coordinate: [25], average cost: 0.05816060000000001, all costs: [0.0564539, 0.0568752, 0.0563808, 0.0608545, 0.0600885, 0.0582199, 0.0584288, 0.0578846, 0.0580126, 0.0567005], average transfer time: inf
.
 building test:
	gcc -O0 -mcmodel=large  -DORIO_REPS=10 -o __orio_perftest155.exe __orio_perftest155.c timer_cpu.o 
 running test:
	 ./__orio_perftest155.exe  
coordinate: [26], average cost: 0.05758946666666667, all costs: [0.0559262, 0.0563125, 0.056392, 0.0590349, 0.0601322, 0.0577464, 0.0578522, 0.0572847, 0.0570462, 0.0565041], average transfer time: inf
.
 building test:
	gcc -O0 -mcmodel=large  -DORIO_REPS=10 -o __orio_perftest156.exe __orio_perftest156.c timer_cpu.o 
 running test:
	 ./__orio_perftest156.exe  
coordinate: [27], average cost: 0.05770342222222222, all costs: [0.0565034, 0.0566452, 0.0574416, 0.0574386, 0.061809, 0.057745, 0.0578513, 0.056761, 0.0568361, 0.056803], average transfer time: inf
.
 building test:
	gcc -O0 -mcmodel=large  -DORIO_REPS=10 -o __orio_perftest157.exe __orio_perftest157.c timer_cpu.o 
 running test:
	 ./__orio_perftest157.exe  
coordinate: [28], average cost: 0.0575538, all costs: [0.0549113, 0.0553035, 0.0562024, 0.0570613, 0.0594958, 0.0577939, 0.0565346, 0.0584247, 0.0588437, 0.0583243], average transfer time: inf
.
 building test:
	gcc -O0 -mcmodel=large  -DORIO_REPS=10 -o __orio_perftest158.exe __orio_perftest158.c timer_cpu.o 
 running test:
	 ./__orio_perftest158.exe  
coordinate: [29], average cost: 0.05520622222222222, all costs: [0.0536391, 0.0540852, 0.0561854, 0.0569581, 0.0573317, 0.0547428, 0.0544025, 0.0545648, 0.0545042, 0.0540813], average transfer time: inf
.
 building test:
	gcc -O0 -mcmodel=large  -DORIO_REPS=10 -o __orio_perftest159.exe __orio_perftest159.c timer_cpu.o 
 running test:
	 ./__orio_perftest159.exe  
coordinate: [30], average cost: 0.05662904444444445, all costs: [0.0542515, 0.0538368, 0.0549837, 0.0600817, 0.0658305, 0.0547185, 0.0553774, 0.0564666, 0.0546349, 0.0537313], average transfer time: inf
.
 building test:
	gcc -O0 -mcmodel=large  -DORIO_REPS=10 -o __orio_perftest160.exe __orio_perftest160.c timer_cpu.o 
 running test:
	 ./__orio_perftest160.exe  
coordinate: [31], average cost: 0.05996147777777778, all costs: [0.0552983, 0.0573004, 0.0567909, 0.0737466, 0.0631484, 0.0608509, 0.0584891, 0.0570861, 0.0570594, 0.0551815], average transfer time: inf
----- end exhaustive search -----
----- begin summary -----
 best coordinate: [8]={'UF': 9}, cost=5.428018e-02, transfer_time=inf, inputs=[('N', 10000000)], search_space=3.200e+01, search_time=29.86, runs=0
----- end summary -----

----- begin exhaustive search -----
.
 building test:
	gcc -O0 -mcmodel=large  -DORIO_REPS=10 -o __orio_perftest161.exe __orio_perftest161.c timer_cpu.o 
 running test:
	 ./__orio_perftest161.exe  
coordinate: [0], average cost: 0.5046665555555556, all costs: [0.510748, 0.504848, 0.515988, 0.512168, 0.514858, 0.498522, 0.497694, 0.49741, 0.501311, 0.4992], average transfer time: inf
>>>> best coordinate found: [0], average cost: 5.046666e-01, average transfer time: inf
.
 building test:
	gcc -O0 -mcmodel=large  -DORIO_REPS=10 -o __orio_perftest162.exe __orio_perftest162.c timer_cpu.o 
 running test:
	 ./__orio_perftest162.exe  
coordinate: [1], average cost: 0.48727944444444443, all costs: [0.510209, 0.491174, 0.483907, 0.488243, 0.491331, 0.492586, 0.486915, 0.486311, 0.482037, 0.483011], average transfer time: inf
>>>> best coordinate found: [1], average cost: 4.872794e-01, average transfer time: inf
.
 building test:
	gcc -O0 -mcmodel=large  -DORIO_REPS=10 -o __orio_perftest163.exe __orio_perftest163.c timer_cpu.o 
 running test:
	 ./__orio_perftest163.exe  
coordinate: [2], average cost: 0.48629622222222224, all costs: [0.4919, 0.494777, 0.492852, 0.484726, 0.484682, 0.481608, 0.491948, 0.480624, 0.485025, 0.480424], average transfer time: inf
>>>> best coordinate found: [2], average cost: 4.862962e-01, average transfer time: inf
.
 building test:
	gcc -O0 -mcmodel=large  -DORIO_REPS=10 -o __orio_perftest164.exe __orio_perftest164.c timer_cpu.o 
 running test:
	 ./__orio_perftest164.exe  
coordinate: [3], average cost: 0.4871921111111111, all costs: [0.465954, 0.465891, 0.472773, 0.474212, 0.481991, 0.499949, 0.499854, 0.494043, 0.498712, 0.497304], average transfer time: inf
.
 building test:
	gcc -O0 -mcmodel=large  -DORIO_REPS=10 -o __orio_perftest165.exe __orio_perftest165.c timer_cpu.o 
 running test:
	 ./__orio_perftest165.exe  
coordinate: [4], average cost: 0.4836370000000001, all costs: [0.514745, 0.48731, 0.482287, 0.480221, 0.485688, 0.483991, 0.483219, 0.483993, 0.484572, 0.481452], average transfer time: inf
>>>> best coordinate found: [4], average cost: 4.836370e-01, average transfer time: inf
.
 building test:
	gcc -O0 -mcmodel=large  -DORIO_REPS=10 -o __orio_perftest166.exe __orio_perftest166.c timer_cpu.o 
 running test:
	 ./__orio_perftest166.exe  
coordinate: [5], average cost: 0.4952621111111111, all costs: [0.473313, 0.480874, 0.470852, 0.472344, 0.478219, 0.484294, 0.531286, 0.550466, 0.498103, 0.490921], average transfer time: inf
.
 building test:
	gcc -O0 -mcmodel=large  -DORIO_REPS=10 -o __orio_perftest167.exe __orio_perftest167.c timer_cpu.o 
 running test:
	 ./__orio_perftest167.exe  
coordinate: [6], average cost: 0.5049206666666666, all costs: [0.492517, 0.494786, 0.503625, 0.550816, 0.498791, 0.506211, 0.493905, 0.493859, 0.499462, 0.502831], average transfer time: inf
.
 building test:
	gcc -O0 -mcmodel=large  -DORIO_REPS=10 -o __orio_perftest168.exe __orio_perftest168.c timer_cpu.o 
 running test:
	 ./__orio_perftest168.exe  
coordinate: [7], average cost: 0.4890535555555555, all costs: [0.497819, 0.479415, 0.503445, 0.491281, 0.492841, 0.499745, 0.489793, 0.478858, 0.488886, 0.477218], average transfer time: inf
.
 building test:
	gcc -O0 -mcmodel=large  -DORIO_REPS=10 -o __orio_perftest169.exe __orio_perftest169.c timer_cpu.o 
 running test:
	 ./__orio_perftest169.exe  
coordinate: [8], average cost: 0.4793031111111111, all costs: [0.473523, 0.472862, 0.479144, 0.481707, 0.47269, 0.46991, 0.475565, 0.47689, 0.499889, 0.485071], average transfer time: inf
>>>> best coordinate found: [8], average cost: 4.793031e-01, average transfer time: inf
.
 building test:
	gcc -O0 -mcmodel=large  -DORIO_REPS=10 -o __orio_perftest170.exe __orio_perftest170.c timer_cpu.o 
 running test:
	 ./__orio_perftest170.exe  
coordinate: [9], average cost: 0.4840517777777778, all costs: [0.4748, 0.46906, 0.471063, 0.471867, 0.498717, 0.483507, 0.478751, 0.489046, 0.50902, 0.485435], average transfer time: inf
.
 building test:
	gcc -O0 -mcmodel=large  -DORIO_REPS=10 -o __orio_perftest171.exe __orio_perftest171.c timer_cpu.o 
 running test:
	 ./__orio_perftest171.exe  
coordinate: [10], average cost: 0.5099043333333334, all costs: [0.518763, 0.490873, 0.494339, 0.482342, 0.500572, 0.503035, 0.48945, 0.495065, 0.583599, 0.549864], average transfer time: inf
.
 building test:
	gcc -O0 -mcmodel=large  -DORIO_REPS=10 -o __orio_perftest172.exe __orio_perftest172.c timer_cpu.o 
 running test:
	 ./__orio_perftest172.exe  
coordinate: [11], average cost: 0.5361227777777777, all costs: [0.530107, 0.507117, 0.49639, 0.508485, 0.534168, 0.547301, 0.586304, 0.538825, 0.580709, 0.525806], average transfer time: inf
.
 building test:
	gcc -O0 -mcmodel=large  -DORIO_REPS=10 -o __orio_perftest173.exe __orio_perftest173.c timer_cpu.o 
 running test:
	 ./__orio_perftest173.exe  
coordinate: [12], average cost: 0.48998022222222226, all costs: [0.517874, 0.509383, 0.507401, 0.493884, 0.478098, 0.480626, 0.49216, 0.485383, 0.48451, 0.478377], average transfer time: inf
.
 building test:
	gcc -O0 -mcmodel=large  -DORIO_REPS=10 -o __orio_perftest174.exe __orio_perftest174.c timer_cpu.o 
 running test:
	 ./__orio_perftest174.exe  
coordinate: [13], average cost: 0.5116353333333333, all costs: [0.497859, 0.500243, 0.48875, 0.510696, 0.531285, 0.507215, 0.494311, 0.492936, 0.5533, 0.525982], average transfer time: inf
.
 building test:
	gcc -O0 -mcmodel=large  -DORIO_REPS=10 -o __orio_perftest175.exe __orio_perftest175.c timer_cpu.o 
 running test:
	 ./__orio_perftest175.exe  
coordinate: [14], average cost: 0.5015572222222222, all costs: [0.489836, 0.524807, 0.499011, 0.50491, 0.487323, 0.483913, 0.511165, 0.481505, 0.533421, 0.48796], average transfer time: inf
.
 building test:
	gcc -O0 -mcmodel=large  -DORIO_REPS=10 -o __orio_perftest176.exe __orio_perftest176.c timer_cpu.o 
 running test:
	 ./__orio_perftest176.exe  
coordinate: [15], average cost: 0.4961914444444445, all costs: [0.533669, 0.516607, 0.538338, 0.484348, 0.48168, 0.476433, 0.475755, 0.484204, 0.500086, 0.508272], average transfer time: inf
.
 building test:
	gcc -O0 -mcmodel=large  -DORIO_REPS=10 -o __orio_perftest177.exe __orio_perftest177.c timer_cpu.o 
 running test:
	 ./__orio_perftest177.exe  
coordinate: [16], average cost: 0.4878323333333333, all costs: [0.476575, 0.468785, 0.465449, 0.463076, 0.484324, 0.516695, 0.504165, 0.488143, 0.503984, 0.49587], average transfer time: inf
.
 building test:
	gcc -O0 -mcmodel=large  -DORIO_REPS=10 -o __orio_perftest178.exe __orio_perftest178.c timer_cpu.o 
 running test:
	 ./__orio_perftest178.exe  
coordinate: [17], average cost: 0.5799701111111111, all costs: [0.593373, 0.539955, 0.578336, 0.511365, 0.511507, 0.611566, 0.640478, 0.556057, 0.606752, 0.663715], average transfer time: inf
.
 building test:
	gcc -O0 -mcmodel=large  -DORIO_REPS=10 -o __orio_perftest179.exe __orio_perftest179.c timer_cpu.o 
 running test:
	 ./__orio_perftest179.exe  
coordinate: [18], average cost: 0.5774146666666667, all costs: [0.579862, 0.551225, 0.58222, 0.589221, 0.587448, 0.564031, 0.550146, 0.607967, 0.624111, 0.540363], average transfer time: inf
.
 building test:
	gcc -O0 -mcmodel=large  -DORIO_REPS=10 -o __orio_perftest180.exe __orio_perftest180.c timer_cpu.o 
 running test:
	 ./__orio_perftest180.exe  
coordinate: [19], average cost: 0.6025864444444444, all costs: [0.603723, 0.630201, 0.596799, 0.553856, 0.562916, 0.562091, 0.584313, 0.634543, 0.707589, 0.59097], average transfer time: inf
.
 building test:
	gcc -O0 -mcmodel=large  -DORIO_REPS=10 -o __orio_perftest181.exe __orio_perftest181.c timer_cpu.o 
 running test:
	 ./__orio_perftest181.exe  
coordinate: [20], average cost: 0.6823342222222223, all costs: [0.572862, 0.546644, 0.58462, 0.874508, 0.711946, 0.791835, 0.740319, 0.765406, 0.579435, 0.546295], average transfer time: inf
.
 building test:
	gcc -O0 -mcmodel=large  -DORIO_REPS=10 -o __orio_perftest182.exe __orio_perftest182.c timer_cpu.o 
 running test:
	 ./__orio_perftest182.exe  
coordinate: [21], average cost: 0.5294833333333333, all costs: [0.523316, 0.520408, 0.537067, 0.521809, 0.525244, 0.526876, 0.528888, 0.524392, 0.560593, 0.520073], average transfer time: inf
.
 building test:
	gcc -O0 -mcmodel=large  -DORIO_REPS=10 -o __orio_perftest183.exe __orio_perftest183.c timer_cpu.o 
 running test:
	 ./__orio_perftest183.exe  
coordinate: [22], average cost: 0.5775894444444445, all costs: [0.546069, 0.561427, 0.560249, 0.612871, 0.64132, 0.568349, 0.560303, 0.561294, 0.540336, 0.592156], average transfer time: inf
.
 building test:
	gcc -O0 -mcmodel=large  -DORIO_REPS=10 -o __orio_perftest184.exe __orio_perftest184.c timer_cpu.o 
 running test:
	 ./__orio_perftest184.exe  
coordinate: [23], average cost: 0.5650648888888888, all costs: [0.574631, 0.551444, 0.576804, 0.564895, 0.529946, 0.537695, 0.548663, 0.566643, 0.649498, 0.559996], average transfer time: inf
.
 building test:
	gcc -O0 -mcmodel=large  -DORIO_REPS=10 -o __orio_perftest185.exe __orio_perftest185.c timer_cpu.o 
 running test:
	 ./__orio_perftest185.exe  
coordinate: [24], average cost: 0.6019073333333333, all costs: [0.518164, 0.57924, 0.527255, 0.599591, 0.644665, 0.786142, 0.600585, 0.544921, 0.592587, 0.54218], average transfer time: inf
.
 building test:
	gcc -O0 -mcmodel=large  -DORIO_REPS=10 -o __orio_perftest186.exe __orio_perftest186.c timer_cpu.o 
 running test:
	 ./__orio_perftest186.exe  
coordinate: [25], average cost: 0.6011393333333335, all costs: [0.637734, 0.580903, 0.595449, 0.581523, 0.557978, 0.58218, 0.615524, 0.699956, 0.581361, 0.61538], average transfer time: inf
.
 building test:
	gcc -O0 -mcmodel=large  -DORIO_REPS=10 -o __orio_perftest187.exe __orio_perftest187.c timer_cpu.o 
 running test:
	 ./__orio_perftest187.exe  
coordinate: [26], average cost: 0.5819426666666666, all costs: [0.549035, 0.545883, 0.527415, 0.542559, 0.646231, 0.583623, 0.582202, 0.563866, 0.603754, 0.641951], average transfer time: inf
.
 building test:
	gcc -O0 -mcmodel=large  -DORIO_REPS=10 -o __orio_perftest188.exe __orio_perftest188.c timer_cpu.o 
 running test:
	 ./__orio_perftest188.exe  
coordinate: [27], average cost: 0.5715168888888889, all costs: [0.646793, 0.564127, 0.683194, 0.538695, 0.566635, 0.584825, 0.55779, 0.575595, 0.551453, 0.521338], average transfer time: inf
.
 building test:
	gcc -O0 -mcmodel=large  -DORIO_REPS=10 -o __orio_perftest189.exe __orio_perftest189.c timer_cpu.o 
 running test:
	 ./__orio_perftest189.exe  
coordinate: [28], average cost: 0.5492476666666667, all costs: [0.532521, 0.502226, 0.509981, 0.541569, 0.527424, 0.545428, 0.594522, 0.586428, 0.558523, 0.577128], average transfer time: inf
.
 building test:
	gcc -O0 -mcmodel=large  -DORIO_REPS=10 -o __orio_perftest190.exe __orio_perftest190.c timer_cpu.o 
 running test:
	 ./__orio_perftest190.exe  
coordinate: [29], average cost: 0.5691612222222222, all costs: [0.555005, 0.551053, 0.578341, 0.577869, 0.584373, 0.599075, 0.596783, 0.535041, 0.519577, 0.580339], average transfer time: inf
.
 building test:
	gcc -O0 -mcmodel=large  -DORIO_REPS=10 -o __orio_perftest191.exe __orio_perftest191.c timer_cpu.o 
 running test:
	 ./__orio_perftest191.exe  
coordinate: [30], average cost: 0.6316705555555555, all costs: [0.646639, 0.848243, 0.751113, 0.688217, 0.528726, 0.578021, 0.553664, 0.574388, 0.574685, 0.587978], average transfer time: inf
.
 building test:
	gcc -O0 -mcmodel=large  -DORIO_REPS=10 -o __orio_perftest192.exe __orio_perftest192.c timer_cpu.o 
 running test:
	 ./__orio_perftest192.exe  
coordinate: [31], average cost: 0.6039889999999999, all costs: [0.67905, 0.690444, 0.672096, 0.549525, 0.767585, 0.586228, 0.587498, 0.54146, 0.521793, 0.519272], average transfer time: inf
----- end exhaustive search -----
----- begin summary -----
 best coordinate: [8]={'UF': 9}, cost=4.793031e-01, transfer_time=inf, inputs=[('N', 100000000)], search_space=3.200e+01, search_time=249.64, runs=0
----- end summary -----
----- finish optimizations -----

----- begin writing the output file(s) -----
--> writing output to: _tables_orio.c
----- finished writing the output file(s) -----

====== END ORIO: hdron-ThinkPad-E152022-11-26_20:07:58 [output: _tables_orio.c, log: tuning_tables_orio.c_412652.log] ======
